<?xml version="1.0" encoding="UTF-8"?>
<!-- Generated by org.testng.reporters.JUnitReportReporter -->
<testsuite hostname="LAPTOP-MLT798UK" failures="0" tests="1" name="cucumberRunnerOptions.TestNGRunner" time="12.276" errors="0" timestamp="2024-05-04T17:20:11 WIB" skipped="0">
  <testcase classname="cucumberRunnerOptions.TestNGRunner" name="runScenario" time="12.276"/>
</testsuite> <!-- cucumberRunnerOptions.TestNGRunner -->
